2018/07/19 09:58:21 [emerg] 1056#6192: unexpected "}" in C:\Users\XiaoShou\Desktop\nginx-1.8.0/conf/nginx.conf:32
2018/07/19 10:07:35 [emerg] 3704#8352: duplicate location "/" in C:\Users\XiaoShou\Desktop\nginx-1.8.0/conf/nginx.conf:31
2018/07/19 10:08:59 [emerg] 7780#7396: duplicate location "/" in C:\Users\XiaoShou\Desktop\nginx-1.8.0/conf/nginx.conf:32
2018/07/19 10:09:23 [emerg] 4660#8304: duplicate location "/" in C:\Users\XiaoShou\Desktop\nginx-1.8.0/conf/nginx.conf:32
2018/07/19 10:09:30 [emerg] 8252#8916: duplicate location "/" in C:\Users\XiaoShou\Desktop\nginx-1.8.0/conf/nginx.conf:32
2018/07/19 10:09:34 [emerg] 8320#8920: duplicate location "/" in C:\Users\XiaoShou\Desktop\nginx-1.8.0/conf/nginx.conf:32
2018/07/19 10:09:34 [emerg] 8900#7400: duplicate location "/" in C:\Users\XiaoShou\Desktop\nginx-1.8.0/conf/nginx.conf:32
2018/07/19 10:09:36 [emerg] 6400#8932: duplicate location "/" in C:\Users\XiaoShou\Desktop\nginx-1.8.0/conf/nginx.conf:32
2018/07/19 10:10:07 [emerg] 8612#8672: duplicate location "/" in C:\Users\XiaoShou\Desktop\nginx-1.8.0/conf/nginx.conf:32
2018/07/19 10:10:26 [emerg] 8120#8848: duplicate location "/" in C:\Users\XiaoShou\Desktop\nginx-1.8.0/conf/nginx.conf:32
2018/07/19 10:10:26 [alert] 3572#7096: worker process 8120 exited with code 1
2018/07/19 10:10:26 [alert] 3572#7096: could not respawn worker
2018/07/19 10:10:30 [emerg] 9156#8328: duplicate location "/" in C:\Users\XiaoShou\Desktop\nginx-1.8.0/conf/nginx.conf:32
2018/07/19 10:10:30 [alert] 3856#4928: worker process 9156 exited with code 1
2018/07/19 10:10:30 [alert] 3856#4928: could not respawn worker
2018/07/19 10:10:37 [emerg] 9192#8844: duplicate location "/" in C:\Users\XiaoShou\Desktop\nginx-1.8.0/conf/nginx.conf:32
2018/07/19 10:10:41 [emerg] 8248#8452: duplicate location "/" in C:\Users\XiaoShou\Desktop\nginx-1.8.0/conf/nginx.conf:32
2018/07/19 10:10:42 [emerg] 9108#8456: duplicate location "/" in C:\Users\XiaoShou\Desktop\nginx-1.8.0/conf/nginx.conf:32
2018/07/19 10:10:52 [emerg] 1700#7560: duplicate location "/" in C:\Users\XiaoShou\Desktop\nginx-1.8.0/conf/nginx.conf:32
2018/07/19 10:10:52 [alert] 6156#7804: worker process 1700 exited with code 1
2018/07/19 10:10:52 [alert] 6156#7804: could not respawn worker
2018/07/19 10:10:59 [emerg] 8664#8672: duplicate location "/" in C:\Users\XiaoShou\Desktop\nginx-1.8.0/conf/nginx.conf:32
2018/07/19 10:11:32 [emerg] 5800#8236: duplicate location "/" in C:\Users\XiaoShou\Desktop\nginx-1.8.0/conf/nginx.conf:32
2018/07/19 10:12:02 [emerg] 8364#2980: duplicate location "/" in C:\Users\XiaoShou\Desktop\nginx-1.8.0/conf/nginx.conf:32
2018/07/19 10:12:36 [emerg] 4012#3076: duplicate location "/" in C:\Users\XiaoShou\Desktop\nginx-1.8.0/conf/nginx.conf:32
2018/07/19 10:14:48 [emerg] 8736#8412: duplicate location "/" in C:\Users\XiaoShou\Desktop\nginx-1.8.0/conf/nginx.conf:32
2018/07/19 10:14:50 [emerg] 4268#6244: duplicate location "/" in C:\Users\XiaoShou\Desktop\nginx-1.8.0/conf/nginx.conf:32
2018/07/19 10:14:50 [emerg] 4716#8248: duplicate location "/" in C:\Users\XiaoShou\Desktop\nginx-1.8.0/conf/nginx.conf:32
2018/07/19 10:14:51 [emerg] 8456#9120: duplicate location "/" in C:\Users\XiaoShou\Desktop\nginx-1.8.0/conf/nginx.conf:32
2018/07/19 10:14:51 [emerg] 5848#5800: duplicate location "/" in C:\Users\XiaoShou\Desktop\nginx-1.8.0/conf/nginx.conf:32
2018/07/19 10:14:52 [emerg] 8800#4228: duplicate location "/" in C:\Users\XiaoShou\Desktop\nginx-1.8.0/conf/nginx.conf:32
2018/07/19 10:14:52 [emerg] 6400#5948: duplicate location "/" in C:\Users\XiaoShou\Desktop\nginx-1.8.0/conf/nginx.conf:32
2018/07/19 10:14:53 [emerg] 8348#8232: duplicate location "/" in C:\Users\XiaoShou\Desktop\nginx-1.8.0/conf/nginx.conf:32
2018/07/19 10:15:50 [emerg] 5332#5312: duplicate location "/" in C:\Users\XiaoShou\Desktop\nginx-1.8.0/conf/nginx.conf:32
2018/07/19 10:15:58 [emerg] 5344#5272: duplicate location "/" in C:\Users\XiaoShou\Desktop\nginx-1.8.0/conf/nginx.conf:32
2018/07/19 10:16:16 [emerg] 5420#5396: CreateFile() "C:/path/to/nginx.conf" failed (3: The system cannot find the path specified)
2018/07/19 10:17:40 [emerg] 3704#3816: CreateFile() "C:\nginx-1.8.0/nginx-1.8.0/conf/nginx.conf" failed (3: The system cannot find the path specified)
2018/07/19 10:18:21 [emerg] 7632#6292: duplicate location "/" in C:\nginx-1.8.0/conf/nginx.conf:32
2018/07/19 10:21:39 [notice] 8968#7596: signal process started
2018/07/19 10:21:56 [notice] 7384#8064: signal process started
2018/07/20 08:46:46 [notice] 6488#6472: signal process started
2018/07/20 08:48:42 [notice] 6488#1160: signal process started
2018/07/20 08:49:25 [emerg] 7904#7632: "proxy_pass" directive is duplicate in C:\nginx-1.8.0/conf/nginx.conf:38
2018/07/20 08:50:09 [notice] 2628#6748: signal process started
2018/07/20 09:14:43 [notice] 5636#8164: signal process started
2018/07/20 09:14:43 [error] 5636#8164: invalid PID number "" in "C:\nginx-1.8.0/logs/nginx.pid"
2018/07/20 09:17:13 [notice] 7968#7880: signal process started
2018/07/20 09:21:02 [notice] 8048#7924: signal process started
2018/07/20 10:46:08 [notice] 7652#5520: signal process started
